<?xml version="1.0" encoding="UTF-8"?>
<!-- Generated by org.testng.reporters.JUnitXMLReporter -->
<testsuite ignored="0" hostname="DESKTOP-QJLSV9M" failures="0" tests="1" name="Test" time="0.078" errors="0" timestamp="2023-01-31T15:34:23 IST">
  <testcase classname="testcase.ReadBaseClass" name="@BeforeTest openapp" time="-1.67515946291E9">
    <failure type="org.testng.TestNGException" message="
Parameter &amp;apos;browser&amp;apos; is required by BeforeTest on method openapp but has not been marked @Optional or defined
in C:\Users\desktop\eclipse\Hudiniproject\testng.xml">
      <![CDATA[org.testng.TestNGException: 
Parameter 'browser' is required by BeforeTest on method openapp but has not been marked @Optional or defined
in C:\Users\desktop\eclipse\Hudiniproject\testng.xml
... Removed 21 stack frames]]>
    </failure>
  </testcase> <!-- @BeforeTest openapp -->
  <testcase classname="testcase.ReadBaseClass" name="@AfterTest closebrower" time="-1.67515946298E9">
    <skipped/>
  </testcase> <!-- @AfterTest closebrower -->
  <testcase classname="testcase.Sigintestread" name="Signin" time="0.0">
    <skipped/>
  </testcase> <!-- Signin -->
</testsuite> <!-- Test -->
